1010111101000111001111110001101
100111101010101111010000110110
10011111011111110011000000100011
111101110001111001111011101111
1001010111000000011110010010100
11111001110011000001100101110001
10010100010011110101111000111000
11111101000111000100100011100011
10011101001111101010101110111111
10000000110111001011010110010111
1011111010000110111010001011010
1000101011100100110110110110111
1101101010110100111000110011011
1001011011001001010011111001001
11011110100001110001010001000
10110110011100110000000101110111
1000111011111011000100011110111
110100000001101100101010001011
100011010111010011101101111101
11101001111101100000111001100110
10000000100101011001001010110000
1011010010011001111110111111001
1011010110101111111100001000001
1110010100001001100010111100101
10111011001000000100000111000
1100010110110000000111100100010
1011011010011100000100010100101
1011110010000101111101010111110
10001100100110000011011000110011
10110001100101100100000001100000
10100011100101110110111000010
10101010000101101110101001100100
10010011111101011101111001100100
11011101011010001000011110110100
10000110101110010011010000011100
11010101101110101011010010111101
101110111010000111110000
1110111101111101101011010000010
11001011011100111001000111100100
11011111000011110110001110101110
11100011010110010110101110001
10000110010111011100110001011111
10111011000000101111100000011011
10110010100000001011011111110111
11001101110011011101111000111100
10010101011101011101010011000000
11010110101010001010001110101000
11101010100011110111000001111111
11110011011001001111110000010100
11000000110110101110100110110001
1011011100010101111100100101011
11010001011111100001000100111101
101111001000100011000000000101
10110100110100101100010101000110
1100001000000101100010000011001
1010010000100010011101110101
10101110100011001000101011
1000011111110011110001101000111
10101111111001111010000011100100
10100101101010001110100111111
1101110001011111101110011111001
10011100100101100101111110010110
11101011110110101001111100000111
1010110010000111100011101011010
11110001101101100100100000101110
1010111010100100011111101111110
1100010001111111000001100011100
10111100100010100101100000001110
1111011101001011111110010011
10110110101110101011101010011110
10111011100100100111110001100011
1110100111110110000010000111111
10001001000110011001000010001000
10000110010001101010101110010101
110001100010100000010101000001
10011110101100110111001100101
111111111001001101000110111010
11001010011101010011011011010101
10010011011110101000001001000110
11111110000011010100011011010111
10111000010101000110001101010010
10010011011111010000001001011000
1101011010001100000010111000110
101110111110111011000111000
11101111000101011100011001100110
111111101010010100101101111000
1111011100110010110101011110100
11000001100010001011001111000111
1011011001110011101110110100011
11001111011010100010000110100000
1111100111001001101010001111011
11001001100001110110111001001111
11110110000000000110000110010010
10101001001101100010101010001010
110001000011011010001010000110
11001101000011110101110011000110
10010111111011010111101001100
11101000000100010011011101011111
1101010100110011101011101100101
11001101011101010100100100100010
1110001011001100100011000000011
1010100100001010101001101011111
11110011111110011011101100001
11000110011010000101001111111100
11100011001010010110000010101101
1100011111110000010111110
1011010100001110111110101011101
1011000110011011100010010011001
10001001100111101101000100010100
10101111010001110100101100010101
10100010110100100011010011101111
10010100110110001110000001100001
1000000101000001100111110001
11101100101001101101110100001100
11000000010000011100110011010011
100010110011011000000110100010
1010001101000110010101001000
1111011101110011000011011010100
100110010010001010010001011
1110101100111011010011100010111
11100110111000100101010111011101
11111011010111011000101110101101
11000101001100010010001001000010
11000100100011100100100010011111
11010100010001001000110001001101
10101100100011011000101011101
100011001010110011111000011
1010000001010011010010010100001
1000100010011000011101100110
11011100011000000001011101000111
111110111100100010010000010011
11111001000010011111010000011100
11100111111011100101110100101100
1111110100001001111000011001100
100111110101001011000010010111
10111001000001000010011010010110
10101101010110100011111000001110
10000101001100001110011010010000
11100011010010001001001000010100
10010001000001000000001110001111
11110011010110101100011000110010
1110100111000101101100110100000
1100110111010011110001010010000
10000111011110111110001001101101
110010110101101111001111000011
10001010000001011100011011101000
1100000110110000001110110100
1111101011010010010101101000101
100011001011001001110100011111
1000000011111110101001011001110
10010100111111110111110110101101
10100101011000010000000100010000
1100111010001001011111101000011
11000000011110100000101101000101
10111010101110001110101101001110
11010001110001000010111110010110
110111000100100111110000010000
11011101101100010110011101011
100000011110010001110101101010
1110011010101100001100010100011
11010001011100010110010011000000
11001110100011100001000010000101
110000000010100110011001101011
11100011001011101010000011100110
11101000001101100001011110011011
11101100001011100110111011110
1010111100111001110100000001001
11111000100110110011011110110001
100011101101000001111000110110
11011010000111011110011011111100
1110110110010000101001100101011
1011110101110100110110110100110
100111000111110100110100010100
1011111000101111101010001100111
1100000111111111101110110001010
1100110010011001010110100011001
100011100110011010111110010100
11001011000110000101010000110100
10111011010000101011011100010101
11111010101010000001101001011001
1101010110010011011011000000100
11000110100001000110111100101011
10110101110101100000101101111001
11011101111000110010110111011111
11100011011011000001010011101101
1100101111100100001110111110
10111010100110110101101001101000
1111011101011111110010000101001
10000001000111100101110110101111
1000110001011110111001001100
1010011111100110001111110101111
11001001000110010011110001110110
1000110100011000010101100110000
10011111101111011100000101101010
10000011000000011001111110000010
11001101000000001100100011100100
10001010100100100011011011100000
10101011111001110111011001001101
11000010110010100111010101011001
10001011110010110000101111111101
10000010000111011001100111011011
10010001011111000111011001110111
111000100010000011110011100111
10110000101011100010001001100100
100111011001100111101001001110
10100000011011001011110010111101
111111000110101001000011001
1111000010101100100010000100
10011111010001000100101111011110
11011000010010110100111001010110
11001100111000110000001110011001
1110010101101001011110100111110
1010011000100011001011110101
1011010110001100101010011010000
111100110100101011000001110011
1100001001100100111110011011110
1011000101101000100011111011010
11010101100010010101101100001011
1101110010011110100100111001101
1011001010101010111111101110001
11000101100100011110001100011010
10111111011011110000011100010
10000110000000001101001000000011
100010010111010011010000101111
100101111110000001000000101
100011100000001110101001
10100101011101111010000111011110
11110010101001010110111000110101
11001111011101101111000001011111
1011011001110110110000001001010
11101001111110110001011011110011
11011110001000111110000010011
101101011111101001101111101010
1011111101100111001100101
101101111111100100101010000000
10011110101010001100000011110100
1110101010011001010000100110010
10101110111010011100100111000
1010111000001011001000100110110
11001001010100110010110110111001
1111101110001010111001100100111
10001001000011101001000010101010
11100100001110000101000101001
110011010001111000100110000010
1101101001000011011001100001
1011111010000110100000101111010
11000010010100101001111001111111
111001001011100110000110100101
1011110011010110101001000010110
11100111000010111101001000110111
11110100110000001000101000001
10111000011111111101110100001110
10101100111100001111110111011000
10110100011000000011010010101100
101011011101111000001011010000
10011110010011001111010111111011
1111001101001100010000111010100
10100111011011010100111011101001
1000111001000100110000110110000
1111101011011101101001010000000
11110101110000001011100111010000
11101000000101100111001010110110
10111000010011111000011101011101
1111111101110001101101100101
11000010011100011011011010101011
11101001101011100011010011001100
1100101110000110000011100111100
1110101110011011111010011101110
1010100000100010000000111100001
10101000101110000111000000001011
11000001011011001100011100001
1111000011111101011000111110101
110001101101001100100001010
10011101010001111111010110111110
1110001010000100111101000001110
10111000100101001010111110000110
110000011100010001000100110
1100000010110110111001101101000
11111011001100101101110101000010
10001101101001110010100111101111
110110000000101111000101110
1100110000001010001010100100001
11100100010001101000001011111110
111101011010110000111000111100
10011010101000111110001010110000
10110010010010011000100100110111
1000110101001001011110110100101
11010101110110011111011001011110
1100110110010000010111011001110
1011101111110100001111011011101
1101111100010000101101010011010
1010100101011000011010100110001
10010010110010101101010000010
11101100101100111111001000100111
1010011011110110111011111101001
1001000010110010111011000011010
11110000001101001100111100000101
110110110100100111100010100000
10000010100100111101100100010110
1000100101111100001010000111110
11100000010000111001010000000010
10001101011101101000000101001101
1100101110111101111001001000100
1111000110000101111100011010001
10110110101111111100111000110110
101000110110010011010110001000
1011100011111000110001110011100
11000111100101001000011000100001
100001001010000100110000100110
10110100000100001001100011001010
1000110000011001110101000110
10110110100110000101001101101010
10100000000100000100100100101000
101110111111101110001101001
1001011011000100010000011001
1010000001100010111100110011000
1111100000111110101010001101000
11100110100010110010100110110011
1011000011010101000101100010010
1100101001100110111000010110101
11001111001001001000101110011100
10100000110101000011001001010000
1111000000101111010000001110011
110101001111111100110100001001
11010010111101001010011010111001
11111101001011000011100100001111
11001000101000110001100010011100
1001001000111111110100001110011
1010101001010111110001110001000
11101000100011111010011101101001
10001111110001100110110110101111
10101011110100101010011000011101
11011111001010110000010000010001
10001010110000010100101100100011
1000011001101111110011010000100
11011000110100001100010010101000
101101000011100110011000011100
11001001010001000110100110
1100100110000011010010101101000
11010100011001111011010011000111
1111100101001101010010001101111
101101111001100000011010001110
10010010000011100000100001100000
101101010010011100010010000100
10110100110100010000010111100001
11111100100101100011010110010000
11001111110001010000001110000100
1111101001110010110001010001100
1000011001001010000110110001
10011100011111001010001100011101
10101100001000101001110001111010
10001111010111000011010000110000
111011101101011111100001011100
11100111000001101100010101111001
1000010001101001110101100000111
10110100010111001000100010001101
11110011100011001100000100000101
10110000010100010001110010110011
10101101001111010111011111111101
11111110101111110100110111000000
11000011001111011111100101111111
100111110010001011101011000000
11000010001101110011001010100
11101100101111100111000111100001
111111110010001011001011000001
1001100110100101000101010000001
1101000000010000011111010111100
10001111101101000001010101000011
11100100001101001110101011110101
1010111101101000110111111111
10000110110010010101110111101011
11011111110010000110100110001011
10011000111010001110110011011011
101011011110011001001000110011
111011110010011110011100110101
1001000101001001000010111100011
1011110111101011000110010000101
10101101110000111010100101101000
10110100000111111100111111011110
1110010101101011110111101100001
100111100100101011011110100100
1110110100111101010010110010110
1100010000101110111001101001101
1011011110010010101011100100111
1011101101101101110111001001000
10000010011011101010100010100001
100111010000011011000010111101
10001011101101001100010100100000
10111001101110100110010000110110
10010000111010101011010001010100
11011111110011001110100011010001
10010001101001100100000001110001
1011100000001001100111111110
10010010111010000010001010100
10001111101011101110001000100100
11010111100111110110101011101110
111000011100101110111010010101
10010001111000011101111111110111
11100011010011101000100010110100
110110010111010010101001110001
10001111100001011000100111011
100010010001100110110010001101
1100010010111011001011001110100
1110111001000001110111100100
100000110000000011011010010010
11100111010101101011011111010101
10011010111001101000100000111110
10001011000010101111010101
11011000101100111000010001100000
1110111111011110000011011101
10000110010111110011110010100010
10111010000010010101011110000
1010000000010001101010001101111
11100101001100110110010011001000
11011000000101101110101101101001
11010101010101011010100000000011
11001010001100000111100011001110
100000010010001001111011000011
10000011001110011010100001100101
11011100111011101011101000111000
101000010101101001100100111100
10001001010101000001010101100
10000000111000101011100000011101
1000111111101011110010010000110
10000110110001010001000110110111
1111000000011001000011111111001
11011010110101011111111011011000
11111001110011101010110011010001
10011111001001011100110011011000
10101000100000111110100
1001001011110010000010110100011
101100110001110111100101001100
1010001111010110011011111111010
1000010111001011111110011000110
10110000000001111111111000100110
10011101011110111001100111100101
11100001100011000000111000000000
10001010110110101000101011100001
111100011100101011111010100000
1111010000100110000101001110011
1011011001100000000101101010000
10010011011010001011110100111100
11110010000100010110000110000
10011011000000101011010011001
11001001100001010100001100111100
111110001100010010111100001010
10000001101100100101100001010
10110101011000010011000010100001
11000011000110100000001110100111
10101100011010100111110110000
1001101101000110001110011001001
1110110101111011111101010010010
111000001110101001110010010011
11011111100000010111011100111010
11011110011110110000111101001010
1011010110111111010110100000001
10010010111001110101110100001001
10100010100010101100110011001000
11011110101111100100010011001110
10100001111001001100000100100001
1000110000010111010000101001001
11010111101001000010111011011001
1011011111100001101000000111000
100001010011101001000111101000
1011100011000001010001000110001
11101000001011111010000101001100
1011101011110100101001111101000
11010100111111001110011111010
10100000111111000001111100110110
1101011100110011001100001001001
10110110101000111110001000100100
11111010011010011111001100100
11101111001000001100100010011100
1011000100100010010010110100100
10111111100110110010010110111111
1011011010111110000101011001101
10110110010100001000101001011000
11101011010110111011010001100101
11011111001101110111001110010110
1100000111000101110000110100010
1111100001001110111010110111010
1001100111101100101011011110
1001100010111010001111001010001
111100110010110101000001101001
10101011001011010010011111001011
1111100101101000110000000000001
10101000011001110001101001111
11100011011100110001001101011110
10000000100011010101100011001010
11111000010111011111100101
10110100111000011011100110100100
10101111001011010110111011101001
1110000111110011100000010101
10001100101110100010110100011101
1100001001001011110110110000101
11001111011000001111001101010001
111101111100000111110111101010
11100110101100001010110101100010
101111011100011110101011111100
11101100011101111111100111011010
101100100111011111011111000000
1000101110110010000001001010000
10000000100010011000011100101010
10100010010110001001001101011101
11001100011111001010001100001110
10111110001001111000010101111111
10001101110111101001100000010
101011001111101000010010011010
1110110101110100011011011000001
11001111100000010000011100110011
10010001111100001001010010010001
11011110011011001011111110101000
1100101000000011101101100100000
11110000100011010010000111110101
100100000101011001100000110011
11110010000111010111110111010001
1100010100101011011011110101110
10110011011110100101100110011100
1101001111001011000001011000000
101101101111010000001110111001
1011111000010001011100111
1100001100111101100101000011101
1000110110010100100011110000000
10010100100101111111111001100100
1100010100101001100101101010010
11111000001110110010010000100001
11110111111011100000111001100110
11000111001110010010101000110001
10001100100001001011100110101010
11001010100001000011011110000110
11111100000000110010101100001
11110000001110001111000001011011
11110111010010101101010000101101
1101110011101111110000011111010
11100100001110010111101010001110
1100110110010110101000010111011
11001100000101111110101110101001
11010010001001010110101101001101
10110110100110010101110101000
11100011001011001111011110101100
10110100011000001110011101011001
10100111001010100000010100011
10100000001111101000100010001110
110101011110101100110101111111
10101101110111011101001010000111
10001101110000111111011000100001
1011110011011011000100000101100
1010101001010011010010011010010
11001011110110000010100100011111
10111001100001000101101110110110
1000110100100011100000101101110
1101111001001101001110110101000
1010011111010100110100101
1010100100001111100111111010001
10011111001001000100100001111101
1001101100010000011001111111000
1000110001001010110111011011
10000110000111010011110010101000
11110011101001110010000001101010
110010110111011000110011100101
10000110110010010010111001100
10001111100011100010000101011
1001010010011000110110010110110
11101001100110111010101011100
1011100011101101100100011001100
1000000100110001000011100011
1111111011110101011101100011
1000101100011011100110111000011
11111101101111111111000100001000
110101101000010110100001111011
10110001001000111101010010000111
10101110101100000011001111011101
11011100000011100000101111000100
10010001000101001000111100101111
11010010100100000110110011100
11010010011001010100110001000
10001101111100100000011001110000
1001110010101001100011010111001
1100111000110010101111111110110
11011111010010100110011011001010
10100110100010100011010000100110
1101011001111100110100011100111
10010100101100100100011000110110
1100101010010111101110011110
1000011110010000101100000001111
100110111000000011110001001
1001010100100010110010110011000
1000100010111110010011000101001
10011111011010100110101110111001
1010011010101111001001000011101
10001001100011001110010001110011
1110100001011100111111100101101
1111110001100100000101101010100
10011000100100110111110101001110
101011101011010110100110011100
10011111001000000011110110011010
11110111100110010100010101011000
10101010001001101110100010000011
1001010100010111111000010111011
11101001000010101000000110100000
10100011111111110110101000100001
11100111110000100010010100111101
11000001000100000110100110110100
10100000011111100111011110110001
11101110000110000101011111000000
10110100111010011101000001111111
1001111011010100101011000100100
10111001111101100011101011011
101110111101101101000000000000
1100010001111100111101111001101
11100110111101011011100000011100
110001100000110100010011011111
11001000111000110110010011001000
11111000101110111001110111010111
10011100100011101000010000111100
10000111100101110000110001111
1100011000111011011001101110000
10001000001101000111110011110101
11000001100111101000101110111001
11011100101011001101010111010110
11011001001010100110100000111
11101010110011001101111100000111
100110100001101001000111110000
11011000000110000010101011111101
YourPincodeHere...
